<?xml version="1.0" encoding="UTF-8"?>
<Site BuildName="(empty)"
	BuildStamp="20240205-0700-Experimental"
	Name="bilal-Inspiron-15-5510"
	Generator="ctest-3.16.3"
	CompilerName="/usr/lib/ccache/c++"
	CompilerVersion="9.4.0"
	OSName="Linux"
	Hostname="bilal-Inspiron-15-5510"
	OSRelease="5.15.0-92-generic"
	OSVersion="#102~20.04.1-Ubuntu SMP Mon Jan 15 13:09:14 UTC 2024"
	OSPlatform="x86_64"
	Is64Bits="1"
	VendorString="GenuineIntel"
	VendorID="Intel Corporation"
	FamilyID="6"
	ModelID="140"
	ProcessorCacheSize="12288"
	NumberOfLogicalCPU="8"
	NumberOfPhysicalCPU="4"
	TotalVirtualMemory="2047"
	TotalPhysicalMemory="31833"
	LogicalProcessorsPerPhysical="2"
	ProcessorClockFrequency="4207.76"
	>
	<Testing>
		<StartDateTime>Feb 05 10:00 +03</StartDateTime>
		<StartTestTime>1707116454</StartTestTime>
		<TestList/>
		<EndDateTime>Feb 05 10:00 +03</EndDateTime>
		<EndTestTime>1707116454</EndTestTime>
		<ElapsedMinutes>0</ElapsedMinutes>
	</Testing>
</Site>
