<?xml version="1.0" encoding="UTF-8"?>
<Site BuildName="(empty)"
	BuildStamp="20240911-0425-Experimental"
	Name="bilal-Inspiron-15-5510"
	Generator="ctest-3.16.3"
	CompilerName="/usr/lib/ccache/c++"
	CompilerVersion="9.4.0"
	OSName="Linux"
	Hostname="bilal-Inspiron-15-5510"
	OSRelease="5.15.0-119-generic"
	OSVersion="#129~20.04.1-Ubuntu SMP Wed Aug 7 13:07:13 UTC 2024"
	OSPlatform="x86_64"
	Is64Bits="1"
	VendorString="GenuineIntel"
	VendorID="Intel Corporation"
	FamilyID="6"
	ModelID="140"
	ProcessorCacheSize="12288"
	NumberOfLogicalCPU="8"
	NumberOfPhysicalCPU="4"
	TotalVirtualMemory="2047"
	TotalPhysicalMemory="31837"
	LogicalProcessorsPerPhysical="2"
	ProcessorClockFrequency="4145"
	>
	<Testing>
		<StartDateTime>Sep 11 07:25 +03</StartDateTime>
		<StartTestTime>1726028751</StartTestTime>
		<TestList/>
		<EndDateTime>Sep 11 07:25 +03</EndDateTime>
		<EndTestTime>1726028751</EndTestTime>
		<ElapsedMinutes>0</ElapsedMinutes>
	</Testing>
</Site>
