<?xml version="1.0" encoding="UTF-8"?>
<Site BuildName="(empty)"
	BuildStamp="20230806-1806-Experimental"
	Name="bilal-Inspiron-15-5510"
	Generator="ctest-3.16.3"
	CompilerName="/usr/lib/ccache/c++"
	CompilerVersion="9.4.0"
	OSName="Linux"
	Hostname="bilal-Inspiron-15-5510"
	OSRelease="5.15.0-78-generic"
	OSVersion="#85~20.04.1-Ubuntu SMP Mon Jul 17 09:42:39 UTC 2023"
	OSPlatform="x86_64"
	Is64Bits="1"
	VendorString="GenuineIntel"
	VendorID="Intel Corporation"
	FamilyID="6"
	ModelID="140"
	ProcessorCacheSize="12288"
	NumberOfLogicalCPU="8"
	NumberOfPhysicalCPU="4"
	TotalVirtualMemory="2047"
	TotalPhysicalMemory="31833"
	LogicalProcessorsPerPhysical="2"
	ProcessorClockFrequency="1599.69"
	>
	<Testing>
		<StartDateTime>Aug 06 21:06 +03</StartDateTime>
		<StartTestTime>1691345209</StartTestTime>
		<TestList/>
		<EndDateTime>Aug 06 21:06 +03</EndDateTime>
		<EndTestTime>1691345209</EndTestTime>
		<ElapsedMinutes>0</ElapsedMinutes>
	</Testing>
</Site>
